<?xml version="1.0" encoding="UTF-8"?>
<!-- Generated by org.testng.reporters.JUnitReportReporter -->
<testsuite skipped="0" hostname="AnchalT" name="uk.co.library.AppTest" tests="1" failures="0" timestamp="12 Dec 2021 23:51:17 GMT" time="0.016" errors="0">
  <testcase name="shouldAnswerWithTrue" time="0.016" classname="uk.co.library.AppTest"/>
</testsuite> <!-- uk.co.library.AppTest -->
